# JRE version: OpenJDK Runtime Environment Temurin-21.0.12.1+1 (21.0.12.1+1) (build 21.0.12.1+1-LTS)
# Java VM: OpenJDK 64-Bit Server VM Temurin-21.0.12.1+1 (21.0.12.1+1-LTS, mixed mode, sharing, tiered, compressed oops, compressed class ptrs, parallel gc, windows-amd64)
GC Precious Log:
 CardTable entry size: 512
 CPUs: 2 total, 2 available
 Memory: 3918M
 Large Page Support: Disabled
 NUMA Support: Disabled
 Compressed Oops: Enabled (Zero based)
 Alignments: Space 512K, Generation 512K, Heap 2M
 Heap Min Capacity: 100M
 Heap Initial Capacity: 100M
 Heap Max Capacity: 8G
 Pre-touch: Disabled
 Parallel Workers: 2
Heap:
 PSYoungGen      total 20480K, used 3237K [0x0000000755580000, 0x0000000756b80000, 0x0000000800000000)
  eden space 19456K, 13% used [0x0000000755580000,0x00000007557fe7e0,0x0000000756880000)
  from space 1024K, 66% used [0x0000000756a80000,0x0000000756b2ae98,0x0000000756b80000)
  to   space 1024K, 0% used [0x0000000756980000,0x0000000756980000,0x0000000756a80000)
 ParOldGen       total 69632K, used 53671K [0x0000000600000000, 0x0000000604400000, 0x0000000755580000)
  object space 69632K, 77% used [0x0000000600000000,0x0000000603469c38,0x0000000604400000)
 Metaspace       used 60638K, committed 62144K, reserved 1114112K
  class space    used 6452K, committed 7104K, reserved 1048576K
GC Heap History (20 events):
Event: 68.473 GC heap before
{Heap before GC invocations=52 (full 2):
 PSYoungGen      total 19968K, used 19962K [0x0000000755580000, 0x0000000756c80000, 0x0000000800000000)
  eden space 19456K, 100% used [0x0000000755580000,0x0000000756880000,0x0000000756880000)
  from space 512K, 98% used [0x0000000756980000,0x00000007569fe930,0x0000000756a00000)
  to   space 2048K, 0% used [0x0000000756a80000,0x0000000756a80000,0x0000000756c80000)
 ParOldGen       total 68608K, used 63299K [0x0000000600000000, 0x0000000604300000, 0x0000000755580000)
  object space 68608K, 92% used [0x0000000600000000,0x0000000603dd0e18,0x0000000604300000)
 Metaspace       used 55479K, committed 56960K, reserved 1114112K
  class space    used 5930K, committed 6592K, reserved 1048576K
}
Event: 68.480 GC heap after
{Heap after GC invocations=52 (full 2):
 PSYoungGen      total 20480K, used 834K [0x0000000755580000, 0x0000000756b80000, 0x0000000800000000)
  eden space 19456K, 0% used [0x0000000755580000,0x0000000755580000,0x0000000756880000)
  from space 1024K, 81% used [0x0000000756a80000,0x0000000756b50848,0x0000000756b80000)
  to   space 1536K, 0% used [0x0000000756880000,0x0000000756880000,0x0000000756a00000)
 ParOldGen       total 68608K, used 63823K [0x0000000600000000, 0x0000000604300000, 0x0000000755580000)
  object space 68608K, 93% used [0x0000000600000000,0x0000000603e53f48,0x0000000604300000)
 Metaspace       used 55479K, committed 56960K, reserved 1114112K
  class space    used 5930K, committed 6592K, reserved 1048576K
}
Event: 68.592 GC heap before
{Heap before GC invocations=53 (full 2):
 PSYoungGen      total 20480K, used 20290K [0x0000000755580000, 0x0000000756b80000, 0x0000000800000000)
  eden space 19456K, 100% used [0x0000000755580000,0x0000000756880000,0x0000000756880000)
  from space 1024K, 81% used [0x0000000756a80000,0x0000000756b50848,0x0000000756b80000)
  to   space 1536K, 0% used [0x0000000756880000,0x0000000756880000,0x0000000756a00000)
 ParOldGen       total 68608K, used 63823K [0x0000000600000000, 0x0000000604300000, 0x0000000755580000)
  object space 68608K, 93% used [0x0000000600000000,0x0000000603e53f48,0x0000000604300000)
 Metaspace       used 55482K, committed 56960K, reserved 1114112K
  class space    used 5930K, committed 6592K, reserved 1048576K
}
Event: 68.596 GC heap after
{Heap after GC invocations=53 (full 2):
 PSYoungGen      total 20992K, used 923K [0x0000000755580000, 0x0000000756b00000, 0x0000000800000000)
  eden space 19456K, 0% used [0x0000000755580000,0x0000000755580000,0x0000000756880000)
  from space 1536K, 60% used [0x0000000756880000,0x0000000756966f78,0x0000000756a00000)
  to   space 1024K, 0% used [0x0000000756a00000,0x0000000756a00000,0x0000000756b00000)
 ParOldGen       total 68608K, used 64639K [0x0000000600000000, 0x0000000604300000, 0x0000000755580000)
  object space 68608K, 94% used [0x0000000600000000,0x0000000603f1fd48,0x0000000604300000)
 Metaspace       used 55482K, committed 56960K, reserved 1114112K
  class space    used 5930K, committed 6592K, reserved 1048576K
}
Event: 68.702 GC heap before
{Heap before GC invocations=54 (full 2):
 PSYoungGen      total 20992K, used 20379K [0x0000000755580000, 0x0000000756b00000, 0x0000000800000000)
  eden space 19456K, 100% used [0x0000000755580000,0x0000000756880000,0x0000000756880000)
  from space 1536K, 60% used [0x0000000756880000,0x0000000756966f78,0x0000000756a00000)
  to   space 1024K, 0% used [0x0000000756a00000,0x0000000756a00000,0x0000000756b00000)
 ParOldGen       total 68608K, used 64639K [0x0000000600000000, 0x0000000604300000, 0x0000000755580000)
  object space 68608K, 94% used [0x0000000600000000,0x0000000603f1fd48,0x0000000604300000)
 Metaspace       used 55482K, committed 56960K, reserved 1114112K
  class space    used 5930K, committed 6592K, reserved 1048576K
}
Event: 68.706 GC heap after
{Heap after GC invocations=54 (full 2):
 PSYoungGen      total 20480K, used 894K [0x0000000755580000, 0x0000000756b00000, 0x0000000800000000)
  eden space 19456K, 0% used [0x0000000755580000,0x0000000755580000,0x0000000756880000)
  from space 1024K, 87% used [0x0000000756a00000,0x0000000756adf9a8,0x0000000756b00000)
  to   space 1024K, 0% used [0x0000000756900000,0x0000000756900000,0x0000000756a00000)
 ParOldGen       total 68608K, used 65516K [0x0000000600000000, 0x0000000604300000, 0x0000000755580000)
  object space 68608K, 95% used [0x0000000600000000,0x0000000603ffb1f0,0x0000000604300000)
 Metaspace       used 55482K, committed 56960K, reserved 1114112K
  class space    used 5930K, committed 6592K, reserved 1048576K
}
Event: 68.856 GC heap before
{Heap before GC invocations=55 (full 2):
 PSYoungGen      total 20480K, used 20350K [0x0000000755580000, 0x0000000756b00000, 0x0000000800000000)
  eden space 19456K, 100% used [0x0000000755580000,0x0000000756880000,0x0000000756880000)
  from space 1024K, 87% used [0x0000000756a00000,0x0000000756adf9a8,0x0000000756b00000)
  to   space 1024K, 0% used [0x0000000756900000,0x0000000756900000,0x0000000756a00000)
 ParOldGen       total 68608K, used 65516K [0x0000000600000000, 0x0000000604300000, 0x0000000755580000)
  object space 68608K, 95% used [0x0000000600000000,0x0000000603ffb1f0,0x0000000604300000)
 Metaspace       used 55483K, committed 56960K, reserved 1114112K
  class space    used 5930K, committed 6592K, reserved 1048576K
}
Event: 68.862 GC heap after
{Heap after GC invocations=55 (full 2):
 PSYoungGen      total 20480K, used 1015K [0x0000000755580000, 0x0000000756b80000, 0x0000000800000000)
  eden space 19456K, 0% used [0x0000000755580000,0x0000000755580000,0x0000000756880000)
  from space 1024K, 99% used [0x0000000756900000,0x00000007569fde08,0x0000000756a00000)
  to   space 1536K, 0% used [0x0000000756a00000,0x0000000756a00000,0x0000000756b80000)
 ParOldGen       total 68608K, used 66362K [0x0000000600000000, 0x0000000604300000, 0x0000000755580000)
  object space 68608K, 96% used [0x0000000600000000,0x00000006040ce8f8,0x0000000604300000)
 Metaspace       used 55483K, committed 56960K, reserved 1114112K
  class space    used 5930K, committed 6592K, reserved 1048576K
}
Event: 69.049 GC heap before
{Heap before GC invocations=56 (full 2):
 PSYoungGen      total 20480K, used 20385K [0x0000000755580000, 0x0000000756b80000, 0x0000000800000000)
  eden space 19456K, 99% used [0x0000000755580000,0x000000075686a620,0x0000000756880000)
  from space 1024K, 99% used [0x0000000756900000,0x00000007569fde08,0x0000000756a00000)
  to   space 1536K, 0% used [0x0000000756a00000,0x0000000756a00000,0x0000000756b80000)
 ParOldGen       total 68608K, used 66362K [0x0000000600000000, 0x0000000604300000, 0x0000000755580000)
  object space 68608K, 96% used [0x0000000600000000,0x00000006040ce8f8,0x0000000604300000)
 Metaspace       used 55758K, committed 57216K, reserved 1114112K
  class space    used 5947K, committed 6592K, reserved 1048576K
}
Event: 69.053 GC heap after
{Heap after GC invocations=56 (full 2):
 PSYoungGen      total 20992K, used 1331K [0x0000000755580000, 0x0000000756b80000, 0x0000000800000000)
  eden space 19456K, 0% used [0x0000000755580000,0x0000000755580000,0x0000000756880000)
  from space 1536K, 86% used [0x0000000756a00000,0x0000000756b4cc38,0x0000000756b80000)
  to   space 1536K, 0% used [0x0000000756880000,0x0000000756880000,0x0000000756a00000)
 ParOldGen       total 68608K, used 67351K [0x0000000600000000, 0x0000000604300000, 0x0000000755580000)
  object space 68608K, 98% used [0x0000000600000000,0x00000006041c5ef0,0x0000000604300000)
 Metaspace       used 55758K, committed 57216K, reserved 1114112K
  class space    used 5947K, committed 6592K, reserved 1048576K
}
Event: 70.027 GC heap before
{Heap before GC invocations=57 (full 2):
 PSYoungGen      total 20992K, used 20787K [0x0000000755580000, 0x0000000756b80000, 0x0000000800000000)
  eden space 19456K, 100% used [0x0000000755580000,0x0000000756880000,0x0000000756880000)
  from space 1536K, 86% used [0x0000000756a00000,0x0000000756b4cc38,0x0000000756b80000)
  to   space 1536K, 0% used [0x0000000756880000,0x0000000756880000,0x0000000756a00000)
 ParOldGen       total 68608K, used 67351K [0x0000000600000000, 0x0000000604300000, 0x0000000755580000)
  object space 68608K, 98% used [0x0000000600000000,0x00000006041c5ef0,0x0000000604300000)
 Metaspace       used 57695K, committed 59136K, reserved 1114112K
  class space    used 6135K, committed 6784K, reserved 1048576K
}
Event: 70.033 GC heap after
{Heap after GC invocations=57 (full 2):
 PSYoungGen      total 20992K, used 1520K [0x0000000755580000, 0x0000000756d80000, 0x0000000800000000)
  eden space 19456K, 0% used [0x0000000755580000,0x0000000755580000,0x0000000756880000)
  from space 1536K, 98% used [0x0000000756880000,0x00000007569fc018,0x0000000756a00000)
  to   space 2560K, 0% used [0x0000000756b00000,0x0000000756b00000,0x0000000756d80000)
 ParOldGen       total 68608K, used 67985K [0x0000000600000000, 0x0000000604300000, 0x0000000755580000)
  object space 68608K, 99% used [0x0000000600000000,0x00000006042646f0,0x0000000604300000)
 Metaspace       used 57695K, committed 59136K, reserved 1114112K
  class space    used 6135K, committed 6784K, reserved 1048576K
}
Event: 72.339 GC heap before
{Heap before GC invocations=58 (full 2):
 PSYoungGen      total 20992K, used 10830K [0x0000000755580000, 0x0000000756d80000, 0x0000000800000000)
  eden space 19456K, 47% used [0x0000000755580000,0x0000000755e977f8,0x0000000756880000)
  from space 1536K, 98% used [0x0000000756880000,0x00000007569fc018,0x0000000756a00000)
  to   space 2560K, 0% used [0x0000000756b00000,0x0000000756b00000,0x0000000756d80000)
 ParOldGen       total 68608K, used 67985K [0x0000000600000000, 0x0000000604300000, 0x0000000755580000)
  object space 68608K, 99% used [0x0000000600000000,0x00000006042646f0,0x0000000604300000)
 Metaspace       used 58424K, committed 59776K, reserved 1114112K
  class space    used 6202K, committed 6848K, reserved 1048576K
}
Event: 72.347 GC heap after
{Heap after GC invocations=58 (full 2):
 PSYoungGen      total 20480K, used 738K [0x0000000755580000, 0x0000000756c00000, 0x0000000800000000)
  eden space 19456K, 0% used [0x0000000755580000,0x0000000755580000,0x0000000756880000)
  from space 1024K, 72% used [0x0000000756b00000,0x0000000756bb88e0,0x0000000756c00000)
  to   space 1536K, 0% used [0x0000000756900000,0x0000000756900000,0x0000000756a80000)
 ParOldGen       total 69632K, used 69462K [0x0000000600000000, 0x0000000604400000, 0x0000000755580000)
  object space 69632K, 99% used [0x0000000600000000,0x00000006043d59b8,0x0000000604400000)
 Metaspace       used 58424K, committed 59776K, reserved 1114112K
  class space    used 6202K, committed 6848K, reserved 1048576K
}
Event: 72.347 GC heap before
{Heap before GC invocations=59 (full 3):
 PSYoungGen      total 20480K, used 738K [0x0000000755580000, 0x0000000756c00000, 0x0000000800000000)
  eden space 19456K, 0% used [0x0000000755580000,0x0000000755580000,0x0000000756880000)
  from space 1024K, 72% used [0x0000000756b00000,0x0000000756bb88e0,0x0000000756c00000)
  to   space 1536K, 0% used [0x0000000756900000,0x0000000756900000,0x0000000756a80000)
 ParOldGen       total 69632K, used 69462K [0x0000000600000000, 0x0000000604400000, 0x0000000755580000)
  object space 69632K, 99% used [0x0000000600000000,0x00000006043d59b8,0x0000000604400000)
 Metaspace       used 58424K, committed 59776K, reserved 1114112K
  class space    used 6202K, committed 6848K, reserved 1048576K
}
Event: 73.027 GC heap after
{Heap after GC invocations=59 (full 3):
 PSYoungGen      total 20480K, used 0K [0x0000000755580000, 0x0000000756c00000, 0x0000000800000000)
  eden space 19456K, 0% used [0x0000000755580000,0x0000000755580000,0x0000000756880000)
  from space 1024K, 0% used [0x0000000756b00000,0x0000000756b00000,0x0000000756c00000)
  to   space 1536K, 0% used [0x0000000756900000,0x0000000756900000,0x0000000756a80000)
 ParOldGen       total 69632K, used 52266K [0x0000000600000000, 0x0000000604400000, 0x0000000755580000)
  object space 69632K, 75% used [0x0000000600000000,0x000000060330ab08,0x0000000604400000)
 Metaspace       used 58424K, committed 59776K, reserved 1114112K
  class space    used 6202K, committed 6848K, reserved 1048576K
}
Event: 75.688 GC heap before
{Heap before GC invocations=60 (full 3):
 PSYoungGen      total 20480K, used 19430K [0x0000000755580000, 0x0000000756c00000, 0x0000000800000000)
  eden space 19456K, 99% used [0x0000000755580000,0x0000000756879848,0x0000000756880000)
  from space 1024K, 0% used [0x0000000756b00000,0x0000000756b00000,0x0000000756c00000)
  to   space 1536K, 0% used [0x0000000756900000,0x0000000756900000,0x0000000756a80000)
 ParOldGen       total 69632K, used 52266K [0x0000000600000000, 0x0000000604400000, 0x0000000755580000)
  object space 69632K, 75% used [0x0000000600000000,0x000000060330ab08,0x0000000604400000)
 Metaspace       used 60013K, committed 61504K, reserved 1114112K
  class space    used 6385K, committed 7040K, reserved 1048576K
}
Event: 75.696 GC heap after
{Heap after GC invocations=60 (full 3):
 PSYoungGen      total 20992K, used 1512K [0x0000000755580000, 0x0000000756c80000, 0x0000000800000000)
  eden space 19456K, 0% used [0x0000000755580000,0x0000000755580000,0x0000000756880000)
  from space 1536K, 98% used [0x0000000756900000,0x0000000756a7a010,0x0000000756a80000)
  to   space 2048K, 0% used [0x0000000756a80000,0x0000000756a80000,0x0000000756c80000)
 ParOldGen       total 69632K, used 52335K [0x0000000600000000, 0x0000000604400000, 0x0000000755580000)
  object space 69632K, 75% used [0x0000000600000000,0x000000060331bd08,0x0000000604400000)
 Metaspace       used 60013K, committed 61504K, reserved 1114112K
  class space    used 6385K, committed 7040K, reserved 1048576K
}
Event: 77.760 GC heap before
{Heap before GC invocations=61 (full 3):
 PSYoungGen      total 20992K, used 20968K [0x0000000755580000, 0x0000000756c80000, 0x0000000800000000)
  eden space 19456K, 100% used [0x0000000755580000,0x0000000756880000,0x0000000756880000)
  from space 1536K, 98% used [0x0000000756900000,0x0000000756a7a010,0x0000000756a80000)
  to   space 2048K, 0% used [0x0000000756a80000,0x0000000756a80000,0x0000000756c80000)
 ParOldGen       total 69632K, used 52335K [0x0000000600000000, 0x0000000604400000, 0x0000000755580000)
  object space 69632K, 75% used [0x0000000600000000,0x000000060331bd08,0x0000000604400000)
 Metaspace       used 60488K, committed 62016K, reserved 1114112K
  class space    used 6431K, committed 7104K, reserved 1048576K
}
Event: 77.764 GC heap after
{Heap after GC invocations=61 (full 3):
 PSYoungGen      total 20480K, used 683K [0x0000000755580000, 0x0000000756b80000, 0x0000000800000000)
  eden space 19456K, 0% used [0x0000000755580000,0x0000000755580000,0x0000000756880000)
  from space 1024K, 66% used [0x0000000756a80000,0x0000000756b2ae98,0x0000000756b80000)
  to   space 1024K, 0% used [0x0000000756980000,0x0000000756980000,0x0000000756a80000)
 ParOldGen       total 69632K, used 53671K [0x0000000600000000, 0x0000000604400000, 0x0000000755580000)
  object space 69632K, 77% used [0x0000000600000000,0x0000000603469c38,0x0000000604400000)
 Metaspace       used 60488K, committed 62016K, reserved 1114112K
  class space    used 6431K, committed 7104K, reserved 1048576K
}

