# JRE version: OpenJDK Runtime Environment Temurin-21.0.12.1+1 (21.0.12.1+1) (build 21.0.12.1+1-LTS)
# Java VM: OpenJDK 64-Bit Server VM Temurin-21.0.12.1+1 (21.0.12.1+1-LTS, mixed mode, sharing, tiered, compressed oops, compressed class ptrs, parallel gc, windows-amd64)
GC Precious Log:
 CardTable entry size: 512
 CPUs: 2 total, 2 available
 Memory: 3918M
 Large Page Support: Disabled
 NUMA Support: Disabled
 Compressed Oops: Enabled (Zero based)
 Alignments: Space 512K, Generation 512K, Heap 2M
 Heap Min Capacity: 100M
 Heap Initial Capacity: 100M
 Heap Max Capacity: 8G
 Pre-touch: Disabled
 Parallel Workers: 2
Heap:
 PSYoungGen      total 7168K, used 4801K [0x0000000755580000, 0x0000000755d00000, 0x0000000800000000)
  eden space 6656K, 72% used [0x0000000755580000,0x0000000755a305b0,0x0000000755c00000)
  from space 512K, 0% used [0x0000000755c00000,0x0000000755c00000,0x0000000755c80000)
  to   space 512K, 0% used [0x0000000755c80000,0x0000000755c80000,0x0000000755d00000)
 ParOldGen       total 206848K, used 68532K [0x0000000600000000, 0x000000060ca00000, 0x0000000755580000)
  object space 206848K, 33% used [0x0000000600000000,0x00000006042ed158,0x000000060ca00000)
 Metaspace       used 69624K, committed 71168K, reserved 1114112K
  class space    used 7059K, committed 7808K, reserved 1048576K
GC Heap History (20 events):
Event: 5902.847 GC heap before
{Heap before GC invocations=337 (full 7):
 PSYoungGen      total 7168K, used 7166K [0x0000000755580000, 0x0000000756100000, 0x0000000800000000)
  eden space 4608K, 100% used [0x0000000755580000,0x0000000755a00000,0x0000000755a00000)
  from space 2560K, 99% used [0x0000000755a80000,0x0000000755cffb70,0x0000000755d00000)
  to   space 3072K, 0% used [0x0000000755e00000,0x0000000755e00000,0x0000000756100000)
 ParOldGen       total 162816K, used 99281K [0x0000000600000000, 0x0000000609f00000, 0x0000000755580000)
  object space 162816K, 60% used [0x0000000600000000,0x00000006060f4468,0x0000000609f00000)
 Metaspace       used 69629K, committed 71104K, reserved 1114112K
  class space    used 7076K, committed 7808K, reserved 1048576K
}
Event: 5902.886 GC heap after
{Heap after GC invocations=337 (full 7):
 PSYoungGen      total 7168K, used 1786K [0x0000000755580000, 0x0000000756000000, 0x0000000800000000)
  eden space 5120K, 0% used [0x0000000755580000,0x0000000755580000,0x0000000755a80000)
  from space 2048K, 87% used [0x0000000755e00000,0x0000000755fbe960,0x0000000756000000)
  to   space 2560K, 0% used [0x0000000755b00000,0x0000000755b00000,0x0000000755d80000)
 ParOldGen       total 162816K, used 99289K [0x0000000600000000, 0x0000000609f00000, 0x0000000755580000)
  object space 162816K, 60% used [0x0000000600000000,0x00000006060f6468,0x0000000609f00000)
 Metaspace       used 69629K, committed 71104K, reserved 1114112K
  class space    used 7076K, committed 7808K, reserved 1048576K
}
Event: 6834.009 GC heap before
{Heap before GC invocations=338 (full 7):
 PSYoungGen      total 7168K, used 6900K [0x0000000755580000, 0x0000000756000000, 0x0000000800000000)
  eden space 5120K, 99% used [0x0000000755580000,0x0000000755a7ea38,0x0000000755a80000)
  from space 2048K, 87% used [0x0000000755e00000,0x0000000755fbe960,0x0000000756000000)
  to   space 2560K, 0% used [0x0000000755b00000,0x0000000755b00000,0x0000000755d80000)
 ParOldGen       total 162816K, used 99289K [0x0000000600000000, 0x0000000609f00000, 0x0000000755580000)
  object space 162816K, 60% used [0x0000000600000000,0x00000006060f6468,0x0000000609f00000)
 Metaspace       used 69664K, committed 71168K, reserved 1114112K
  class space    used 7079K, committed 7808K, reserved 1048576K
}
Event: 6834.105 GC heap after
{Heap after GC invocations=338 (full 7):
 PSYoungGen      total 7680K, used 1780K [0x0000000755580000, 0x0000000755f00000, 0x0000000800000000)
  eden space 5632K, 0% used [0x0000000755580000,0x0000000755580000,0x0000000755b00000)
  from space 2048K, 86% used [0x0000000755b00000,0x0000000755cbd240,0x0000000755d00000)
  to   space 2048K, 0% used [0x0000000755d00000,0x0000000755d00000,0x0000000755f00000)
 ParOldGen       total 162816K, used 99345K [0x0000000600000000, 0x0000000609f00000, 0x0000000755580000)
  object space 162816K, 61% used [0x0000000600000000,0x0000000606104468,0x0000000609f00000)
 Metaspace       used 69664K, committed 71168K, reserved 1114112K
  class space    used 7079K, committed 7808K, reserved 1048576K
}
Event: 6835.504 GC heap before
{Heap before GC invocations=339 (full 7):
 PSYoungGen      total 7680K, used 6622K [0x0000000755580000, 0x0000000755f00000, 0x0000000800000000)
  eden space 5632K, 85% used [0x0000000755580000,0x0000000755a3a968,0x0000000755b00000)
  from space 2048K, 86% used [0x0000000755b00000,0x0000000755cbd240,0x0000000755d00000)
  to   space 2048K, 0% used [0x0000000755d00000,0x0000000755d00000,0x0000000755f00000)
 ParOldGen       total 162816K, used 99345K [0x0000000600000000, 0x0000000609f00000, 0x0000000755580000)
  object space 162816K, 61% used [0x0000000600000000,0x0000000606104468,0x0000000609f00000)
 Metaspace       used 69671K, committed 71168K, reserved 1114112K
  class space    used 7080K, committed 7808K, reserved 1048576K
}
Event: 6835.536 GC heap after
{Heap after GC invocations=339 (full 7):
 PSYoungGen      total 5632K, used 2027K [0x0000000755580000, 0x0000000756380000, 0x0000000800000000)
  eden space 3584K, 0% used [0x0000000755580000,0x0000000755580000,0x0000000755900000)
  from space 2048K, 98% used [0x0000000755d00000,0x0000000755efac08,0x0000000755f00000)
  to   space 4096K, 0% used [0x0000000755900000,0x0000000755900000,0x0000000755d00000)
 ParOldGen       total 162816K, used 100776K [0x0000000600000000, 0x0000000609f00000, 0x0000000755580000)
  object space 162816K, 61% used [0x0000000600000000,0x000000060626a158,0x0000000609f00000)
 Metaspace       used 69671K, committed 71168K, reserved 1114112K
  class space    used 7080K, committed 7808K, reserved 1048576K
}
Event: 6837.507 GC heap before
{Heap before GC invocations=340 (full 7):
 PSYoungGen      total 5632K, used 5598K [0x0000000755580000, 0x0000000756380000, 0x0000000800000000)
  eden space 3584K, 99% used [0x0000000755580000,0x00000007558fccd8,0x0000000755900000)
  from space 2048K, 98% used [0x0000000755d00000,0x0000000755efac08,0x0000000755f00000)
  to   space 4096K, 0% used [0x0000000755900000,0x0000000755900000,0x0000000755d00000)
 ParOldGen       total 162816K, used 104196K [0x0000000600000000, 0x0000000609f00000, 0x0000000755580000)
  object space 162816K, 63% used [0x0000000600000000,0x00000006065c12f0,0x0000000609f00000)
 Metaspace       used 69674K, committed 71168K, reserved 1114112K
  class space    used 7080K, committed 7808K, reserved 1048576K
}
Event: 6837.518 GC heap after
{Heap after GC invocations=340 (full 7):
 PSYoungGen      total 7680K, used 4085K [0x0000000755580000, 0x0000000756580000, 0x0000000800000000)
  eden space 3584K, 0% used [0x0000000755580000,0x0000000755580000,0x0000000755900000)
  from space 4096K, 99% used [0x0000000755900000,0x0000000755cfd740,0x0000000755d00000)
  to   space 6144K, 0% used [0x0000000755f80000,0x0000000755f80000,0x0000000756580000)
 ParOldGen       total 162816K, used 105614K [0x0000000600000000, 0x0000000609f00000, 0x0000000755580000)
  object space 162816K, 64% used [0x0000000600000000,0x0000000606723a68,0x0000000609f00000)
 Metaspace       used 69674K, committed 71168K, reserved 1114112K
  class space    used 7080K, committed 7808K, reserved 1048576K
}
Event: 6837.612 GC heap before
{Heap before GC invocations=341 (full 7):
 PSYoungGen      total 7680K, used 7669K [0x0000000755580000, 0x0000000756580000, 0x0000000800000000)
  eden space 3584K, 99% used [0x0000000755580000,0x00000007558fffa8,0x0000000755900000)
  from space 4096K, 99% used [0x0000000755900000,0x0000000755cfd740,0x0000000755d00000)
  to   space 6144K, 0% used [0x0000000755f80000,0x0000000755f80000,0x0000000756580000)
 ParOldGen       total 162816K, used 105614K [0x0000000600000000, 0x0000000609f00000, 0x0000000755580000)
  object space 162816K, 64% used [0x0000000600000000,0x0000000606723a68,0x0000000609f00000)
 Metaspace       used 69676K, committed 71168K, reserved 1114112K
  class space    used 7080K, committed 7808K, reserved 1048576K
}
Event: 6837.623 GC heap after
{Heap after GC invocations=341 (full 7):
 PSYoungGen      total 9728K, used 5251K [0x0000000755580000, 0x0000000756500000, 0x0000000800000000)
  eden space 4096K, 0% used [0x0000000755580000,0x0000000755580000,0x0000000755980000)
  from space 5632K, 93% used [0x0000000755f80000,0x00000007564a0cc8,0x0000000756500000)
  to   space 5632K, 0% used [0x0000000755a00000,0x0000000755a00000,0x0000000755f80000)
 ParOldGen       total 162816K, used 105765K [0x0000000600000000, 0x0000000609f00000, 0x0000000755580000)
  object space 162816K, 64% used [0x0000000600000000,0x0000000606749510,0x0000000609f00000)
 Metaspace       used 69676K, committed 71168K, reserved 1114112K
  class space    used 7080K, committed 7808K, reserved 1048576K
}
Event: 6838.839 GC heap before
{Heap before GC invocations=342 (full 7):
 PSYoungGen      total 9728K, used 8941K [0x0000000755580000, 0x0000000756500000, 0x0000000800000000)
  eden space 4096K, 90% used [0x0000000755580000,0x000000075591a9a0,0x0000000755980000)
  from space 5632K, 93% used [0x0000000755f80000,0x00000007564a0cc8,0x0000000756500000)
  to   space 5632K, 0% used [0x0000000755a00000,0x0000000755a00000,0x0000000755f80000)
 ParOldGen       total 162816K, used 105765K [0x0000000600000000, 0x0000000609f00000, 0x0000000755580000)
  object space 162816K, 64% used [0x0000000600000000,0x0000000606749510,0x0000000609f00000)
 Metaspace       used 69697K, committed 71168K, reserved 1114112K
  class space    used 7080K, committed 7808K, reserved 1048576K
}
Event: 6838.850 GC heap after
{Heap after GC invocations=342 (full 7):
 PSYoungGen      total 5632K, used 896K [0x0000000755580000, 0x0000000756000000, 0x0000000800000000)
  eden space 4608K, 0% used [0x0000000755580000,0x0000000755580000,0x0000000755a00000)
  from space 1024K, 87% used [0x0000000755a00000,0x0000000755ae0020,0x0000000755b00000)
  to   space 2560K, 0% used [0x0000000755d80000,0x0000000755d80000,0x0000000756000000)
 ParOldGen       total 162816K, used 105765K [0x0000000600000000, 0x0000000609f00000, 0x0000000755580000)
  object space 162816K, 64% used [0x0000000600000000,0x0000000606749510,0x0000000609f00000)
 Metaspace       used 69697K, committed 71168K, reserved 1114112K
  class space    used 7080K, committed 7808K, reserved 1048576K
}
Event: 6838.850 GC heap before
{Heap before GC invocations=343 (full 7):
 PSYoungGen      total 5632K, used 896K [0x0000000755580000, 0x0000000756000000, 0x0000000800000000)
  eden space 4608K, 0% used [0x0000000755580000,0x0000000755580000,0x0000000755a00000)
  from space 1024K, 87% used [0x0000000755a00000,0x0000000755ae0020,0x0000000755b00000)
  to   space 2560K, 0% used [0x0000000755d80000,0x0000000755d80000,0x0000000756000000)
 ParOldGen       total 162816K, used 105765K [0x0000000600000000, 0x0000000609f00000, 0x0000000755580000)
  object space 162816K, 64% used [0x0000000600000000,0x0000000606749510,0x0000000609f00000)
 Metaspace       used 69697K, committed 71168K, reserved 1114112K
  class space    used 7080K, committed 7808K, reserved 1048576K
}
Event: 6838.855 GC heap after
{Heap after GC invocations=343 (full 7):
 PSYoungGen      total 6144K, used 896K [0x0000000755580000, 0x0000000755e80000, 0x0000000800000000)
  eden space 5120K, 0% used [0x0000000755580000,0x0000000755580000,0x0000000755a80000)
  from space 1024K, 87% used [0x0000000755d80000,0x0000000755e60020,0x0000000755e80000)
  to   space 1536K, 0% used [0x0000000755b80000,0x0000000755b80000,0x0000000755d00000)
 ParOldGen       total 162816K, used 105765K [0x0000000600000000, 0x0000000609f00000, 0x0000000755580000)
  object space 162816K, 64% used [0x0000000600000000,0x0000000606749510,0x0000000609f00000)
 Metaspace       used 69697K, committed 71168K, reserved 1114112K
  class space    used 7080K, committed 7808K, reserved 1048576K
}
Event: 6838.855 GC heap before
{Heap before GC invocations=344 (full 8):
 PSYoungGen      total 6144K, used 896K [0x0000000755580000, 0x0000000755e80000, 0x0000000800000000)
  eden space 5120K, 0% used [0x0000000755580000,0x0000000755580000,0x0000000755a80000)
  from space 1024K, 87% used [0x0000000755d80000,0x0000000755e60020,0x0000000755e80000)
  to   space 1536K, 0% used [0x0000000755b80000,0x0000000755b80000,0x0000000755d00000)
 ParOldGen       total 162816K, used 105765K [0x0000000600000000, 0x0000000609f00000, 0x0000000755580000)
  object space 162816K, 64% used [0x0000000600000000,0x0000000606749510,0x0000000609f00000)
 Metaspace       used 69697K, committed 71168K, reserved 1114112K
  class space    used 7080K, committed 7808K, reserved 1048576K
}
Event: 6839.577 GC heap after
{Heap after GC invocations=344 (full 8):
 PSYoungGen      total 6144K, used 0K [0x0000000755580000, 0x0000000755e00000, 0x0000000800000000)
  eden space 5632K, 0% used [0x0000000755580000,0x0000000755580000,0x0000000755b00000)
  from space 512K, 0% used [0x0000000755b80000,0x0000000755b80000,0x0000000755c00000)
  to   space 1536K, 0% used [0x0000000755c80000,0x0000000755c80000,0x0000000755e00000)
 ParOldGen       total 175616K, used 69643K [0x0000000600000000, 0x000000060ab80000, 0x0000000755580000)
  object space 175616K, 39% used [0x0000000600000000,0x0000000604402f90,0x000000060ab80000)
 Metaspace       used 69697K, committed 71168K, reserved 1114112K
  class space    used 7080K, committed 7808K, reserved 1048576K
}
Event: 6839.607 GC heap before
{Heap before GC invocations=345 (full 8):
 PSYoungGen      total 6144K, used 0K [0x0000000755580000, 0x0000000755e00000, 0x0000000800000000)
  eden space 5632K, 0% used [0x0000000755580000,0x0000000755580000,0x0000000755b00000)
  from space 512K, 0% used [0x0000000755b80000,0x0000000755b80000,0x0000000755c00000)
  to   space 1536K, 0% used [0x0000000755c80000,0x0000000755c80000,0x0000000755e00000)
 ParOldGen       total 175616K, used 69643K [0x0000000600000000, 0x000000060ab80000, 0x0000000755580000)
  object space 175616K, 39% used [0x0000000600000000,0x0000000604402f90,0x000000060ab80000)
 Metaspace       used 69697K, committed 71168K, reserved 1114112K
  class space    used 7080K, committed 7808K, reserved 1048576K
}
Event: 6839.608 GC heap after
{Heap after GC invocations=345 (full 8):
 PSYoungGen      total 6656K, used 0K [0x0000000755580000, 0x0000000755d00000, 0x0000000800000000)
  eden space 6144K, 0% used [0x0000000755580000,0x0000000755580000,0x0000000755b80000)
  from space 512K, 0% used [0x0000000755c80000,0x0000000755c80000,0x0000000755d00000)
  to   space 512K, 0% used [0x0000000755c00000,0x0000000755c00000,0x0000000755c80000)
 ParOldGen       total 175616K, used 69643K [0x0000000600000000, 0x000000060ab80000, 0x0000000755580000)
  object space 175616K, 39% used [0x0000000600000000,0x0000000604402f90,0x000000060ab80000)
 Metaspace       used 69697K, committed 71168K, reserved 1114112K
  class space    used 7080K, committed 7808K, reserved 1048576K
}
Event: 6839.608 GC heap before
{Heap before GC invocations=346 (full 9):
 PSYoungGen      total 6656K, used 0K [0x0000000755580000, 0x0000000755d00000, 0x0000000800000000)
  eden space 6144K, 0% used [0x0000000755580000,0x0000000755580000,0x0000000755b80000)
  from space 512K, 0% used [0x0000000755c80000,0x0000000755c80000,0x0000000755d00000)
  to   space 512K, 0% used [0x0000000755c00000,0x0000000755c00000,0x0000000755c80000)
 ParOldGen       total 175616K, used 69643K [0x0000000600000000, 0x000000060ab80000, 0x0000000755580000)
  object space 175616K, 39% used [0x0000000600000000,0x0000000604402f90,0x000000060ab80000)
 Metaspace       used 69697K, committed 71168K, reserved 1114112K
  class space    used 7080K, committed 7808K, reserved 1048576K
}
Event: 6840.523 GC heap after
{Heap after GC invocations=346 (full 9):
 PSYoungGen      total 7168K, used 0K [0x0000000755580000, 0x0000000755d00000, 0x0000000800000000)
  eden space 6656K, 0% used [0x0000000755580000,0x0000000755580000,0x0000000755c00000)
  from space 512K, 0% used [0x0000000755c00000,0x0000000755c00000,0x0000000755c80000)
  to   space 512K, 0% used [0x0000000755c80000,0x0000000755c80000,0x0000000755d00000)
 ParOldGen       total 206848K, used 68532K [0x0000000600000000, 0x000000060ca00000, 0x0000000755580000)
  object space 206848K, 33% used [0x0000000600000000,0x00000006042ed158,0x000000060ca00000)
 Metaspace       used 69566K, committed 71168K, reserved 1114112K
  class space    used 7055K, committed 7808K, reserved 1048576K
}

